{"C:\\Users\\User1\\Desktop\\Repeat-Kanban-Board\\src\\Display\\counter.js": {"path":"C:\\Users\\User1\\Desktop\\Repeat-Kanban-Board\\src\\Display\\counter.js","statementMap":{"0":{"start":{"line":1,"column":16},"end":{"line":1,"column":49}},"1":{"start":{"line":1,"column":32},"end":{"line":1,"column":49}},"2":{"start":{"line":3,"column":23},"end":{"line":10,"column":1}},"3":{"start":{"line":4,"column":2},"end":{"line":9,"column":3}},"4":{"start":{"line":5,"column":4},"end":{"line":5,"column":54}},"5":{"start":{"line":7,"column":4},"end":{"line":7,"column":37}},"6":{"start":{"line":8,"column":4},"end":{"line":8,"column":43}}},"fnMap":{"0":{"name":"(anonymous_0)","decl":{"start":{"line":1,"column":16},"end":{"line":1,"column":17}},"loc":{"start":{"line":1,"column":32},"end":{"line":1,"column":49}},"line":1},"1":{"name":"(anonymous_1)","decl":{"start":{"line":3,"column":23},"end":{"line":3,"column":24}},"loc":{"start":{"line":3,"column":50},"end":{"line":10,"column":1}},"line":3}},"branchMap":{"0":{"loc":{"start":{"line":4,"column":2},"end":{"line":9,"column":3}},"type":"if","locations":[{"start":{"line":4,"column":2},"end":{"line":9,"column":3}},{"start":{"line":6,"column":9},"end":{"line":9,"column":3}}],"line":4}},"s":{"0":1,"1":3,"2":1,"3":0,"4":0,"5":0,"6":0},"f":{"0":3,"1":0},"b":{"0":[0,0]},"_coverageSchema":"1a1c01bbd47fc00a2c39e90264f33305004495a9","hash":"1f4c63b8d9e85f7116f9d65a52ceb54412136e21"}
}
